<?xml version="1.0" encoding="UTF-8"?>
<!-- Generated by org.testng.reporters.JUnitReportReporter -->
<testsuite hostname="LAPTOP-H6MGC858" failures="0" tests="1" name="LoginPageTest" time="31.901" errors="0" timestamp="2023-07-03T16:37:58 IST" skipped="0">
  <testcase classname="LoginPageTest" name="loginToApplication" time="31.901"/>
  <system-out/>
</testsuite> <!-- LoginPageTest -->
